CRITICAL - 2022-03-20 04:01:14 --> The framework needs the following extension(s) installed and loaded: intl.
#0 C:\bancoRest\system\CodeIgniter.php(219): CodeIgniter\Exceptions\FrameworkException::forMissingExtension()
#1 C:\bancoRest\system\CodeIgniter.php(177): CodeIgniter\CodeIgniter->resolvePlatformExtensions()
#2 C:\bancoRest\system\bootstrap.php(146): CodeIgniter\CodeIgniter->initialize()
#3 C:\bancoRest\spark(45): require('...')
#4 {main}
CRITICAL - 2022-03-20 04:02:19 --> The framework needs the following extension(s) installed and loaded: intl.
#0 C:\bancoRest\system\CodeIgniter.php(219): CodeIgniter\Exceptions\FrameworkException::forMissingExtension()
#1 C:\bancoRest\system\CodeIgniter.php(177): CodeIgniter\CodeIgniter->resolvePlatformExtensions()
#2 C:\bancoRest\system\bootstrap.php(146): CodeIgniter\CodeIgniter->initialize()
#3 C:\bancoRest\spark(45): require('...')
#4 {main}
CRITICAL - 2022-03-20 04:02:27 --> The framework needs the following extension(s) installed and loaded: intl.
#0 C:\bancoRest\system\CodeIgniter.php(219): CodeIgniter\Exceptions\FrameworkException::forMissingExtension()
#1 C:\bancoRest\system\CodeIgniter.php(177): CodeIgniter\CodeIgniter->resolvePlatformExtensions()
#2 C:\bancoRest\system\bootstrap.php(146): CodeIgniter\CodeIgniter->initialize()
#3 C:\bancoRest\spark(45): require('...')
#4 {main}
CRITICAL - 2022-03-20 04:02:58 --> The framework needs the following extension(s) installed and loaded: intl.
#0 C:\bancoRest\system\CodeIgniter.php(219): CodeIgniter\Exceptions\FrameworkException::forMissingExtension()
#1 C:\bancoRest\system\CodeIgniter.php(177): CodeIgniter\CodeIgniter->resolvePlatformExtensions()
#2 C:\bancoRest\system\bootstrap.php(146): CodeIgniter\CodeIgniter->initialize()
#3 C:\bancoRest\spark(45): require('...')
#4 {main}
CRITICAL - 2022-03-20 04:10:03 --> The framework needs the following extension(s) installed and loaded: intl.
#0 C:\bancoRest\system\CodeIgniter.php(219): CodeIgniter\Exceptions\FrameworkException::forMissingExtension()
#1 C:\bancoRest\system\CodeIgniter.php(177): CodeIgniter\CodeIgniter->resolvePlatformExtensions()
#2 C:\bancoRest\system\bootstrap.php(146): CodeIgniter\CodeIgniter->initialize()
#3 C:\bancoRest\spark(45): require('...')
#4 {main}
CRITICAL - 2022-03-20 05:30:22 --> The framework needs the following extension(s) installed and loaded: intl.
#0 C:\bancoRest\system\CodeIgniter.php(219): CodeIgniter\Exceptions\FrameworkException::forMissingExtension('intl')
#1 C:\bancoRest\system\CodeIgniter.php(177): CodeIgniter\CodeIgniter->resolvePlatformExtensions()
#2 C:\bancoRest\system\bootstrap.php(146): CodeIgniter\CodeIgniter->initialize()
#3 C:\bancoRest\spark(45): require('C:\\bancoRest\\sy...')
#4 {main}
CRITICAL - 2022-03-20 15:20:00 --> Unclosed '{' on line 8
#0 C:\bancoRest\system\Autoloader\Autoloader.php(241): CodeIgniter\Autoloader\Autoloader->includeFile('C:\\bancoRest\\ap...')
#1 C:\bancoRest\system\Autoloader\Autoloader.php(219): CodeIgniter\Autoloader\Autoloader->loadInNamespace('App\\Controllers...')
#2 [internal function]: CodeIgniter\Autoloader\Autoloader->loadClass('App\\Controllers...')
#3 C:\bancoRest\system\CodeIgniter.php(797): class_exists('\\App\\Controller...', true)
#4 C:\bancoRest\system\CodeIgniter.php(406): CodeIgniter\CodeIgniter->startController()
#5 C:\bancoRest\system\CodeIgniter.php(326): CodeIgniter\CodeIgniter->handleRequest(NULL, Object(Config\Cache), false)
#6 C:\bancoRest\public\index.php(37): CodeIgniter\CodeIgniter->run()
#7 C:\bancoRest\system\Commands\Server\rewrite.php(43): require_once('C:\\bancoRest\\pu...')
#8 {main}
CRITICAL - 2022-03-20 15:20:15 --> Unclosed '{' on line 8
#0 C:\bancoRest\system\Autoloader\Autoloader.php(241): CodeIgniter\Autoloader\Autoloader->includeFile('C:\\bancoRest\\ap...')
#1 C:\bancoRest\system\Autoloader\Autoloader.php(219): CodeIgniter\Autoloader\Autoloader->loadInNamespace('App\\Controllers...')
#2 [internal function]: CodeIgniter\Autoloader\Autoloader->loadClass('App\\Controllers...')
#3 C:\bancoRest\system\CodeIgniter.php(797): class_exists('\\App\\Controller...', true)
#4 C:\bancoRest\system\CodeIgniter.php(406): CodeIgniter\CodeIgniter->startController()
#5 C:\bancoRest\system\CodeIgniter.php(326): CodeIgniter\CodeIgniter->handleRequest(NULL, Object(Config\Cache), false)
#6 C:\bancoRest\public\index.php(37): CodeIgniter\CodeIgniter->run()
#7 C:\bancoRest\system\Commands\Server\rewrite.php(43): require_once('C:\\bancoRest\\pu...')
#8 {main}
CRITICAL - 2022-03-20 15:20:26 --> Unclosed '{' on line 8
#0 C:\bancoRest\system\Autoloader\Autoloader.php(241): CodeIgniter\Autoloader\Autoloader->includeFile('C:\\bancoRest\\ap...')
#1 C:\bancoRest\system\Autoloader\Autoloader.php(219): CodeIgniter\Autoloader\Autoloader->loadInNamespace('App\\Controllers...')
#2 [internal function]: CodeIgniter\Autoloader\Autoloader->loadClass('App\\Controllers...')
#3 C:\bancoRest\system\CodeIgniter.php(797): class_exists('\\App\\Controller...', true)
#4 C:\bancoRest\system\CodeIgniter.php(406): CodeIgniter\CodeIgniter->startController()
#5 C:\bancoRest\system\CodeIgniter.php(326): CodeIgniter\CodeIgniter->handleRequest(NULL, Object(Config\Cache), false)
#6 C:\bancoRest\public\index.php(37): CodeIgniter\CodeIgniter->run()
#7 C:\bancoRest\system\Commands\Server\rewrite.php(43): require_once('C:\\bancoRest\\pu...')
#8 {main}
CRITICAL - 2022-03-20 15:20:36 --> Unclosed '{' on line 21
#0 C:\bancoRest\system\Autoloader\Autoloader.php(241): CodeIgniter\Autoloader\Autoloader->includeFile('C:\\bancoRest\\ap...')
#1 C:\bancoRest\system\Autoloader\Autoloader.php(219): CodeIgniter\Autoloader\Autoloader->loadInNamespace('App\\Controllers...')
#2 [internal function]: CodeIgniter\Autoloader\Autoloader->loadClass('App\\Controllers...')
#3 C:\bancoRest\system\CodeIgniter.php(797): class_exists('\\App\\Controller...', true)
#4 C:\bancoRest\system\CodeIgniter.php(406): CodeIgniter\CodeIgniter->startController()
#5 C:\bancoRest\system\CodeIgniter.php(326): CodeIgniter\CodeIgniter->handleRequest(NULL, Object(Config\Cache), false)
#6 C:\bancoRest\public\index.php(37): CodeIgniter\CodeIgniter->run()
#7 C:\bancoRest\system\Commands\Server\rewrite.php(43): require_once('C:\\bancoRest\\pu...')
#8 {main}
